<?xml version="1.0" encoding="UTF-8"?>
<testng-results skipped="0" failed="1" ignored="0" total="3" passed="2">
  <reporter-output>
  </reporter-output>
  <suite name="Default suite" duration-ms="46473" started-at="2019-11-19T10:50:54Z" finished-at="2019-11-19T10:51:41Z">
    <groups>
    </groups>
    <test name="Default test" duration-ms="46473" started-at="2019-11-19T10:50:54Z" finished-at="2019-11-19T10:51:41Z">
      <class name="com.automation.testcases.TestScenario1">
        <test-method status="PASS" signature="beforeTest()[pri:0, instance:com.automation.testcases.TestScenario1@53b32d7]" name="beforeTest" is-config="true" duration-ms="2722" started-at="2019-11-19T10:50:54Z" finished-at="2019-11-19T10:50:57Z">
          <reporter-output>
          </reporter-output>
        </test-method> <!-- beforeTest -->
        <test-method status="PASS" signature="initializeTesting()[pri:0, instance:com.automation.testcases.TestScenario1@53b32d7]" name="initializeTesting" is-config="true" duration-ms="13012" started-at="2019-11-19T10:50:57Z" finished-at="2019-11-19T10:51:10Z">
          <reporter-output>
          </reporter-output>
        </test-method> <!-- initializeTesting -->
        <test-method status="PASS" signature="TC1_UserLogin()[pri:1, instance:com.automation.testcases.TestScenario1@53b32d7]" name="TC1_UserLogin" duration-ms="4873" started-at="2019-11-19T10:51:10Z" finished-at="2019-11-19T10:51:15Z">
          <reporter-output>
          </reporter-output>
        </test-method> <!-- TC1_UserLogin -->
        <test-method status="FAIL" signature="TC2_AddToWishList()[pri:2, instance:com.automation.testcases.TestScenario1@53b32d7]" name="TC2_AddToWishList" duration-ms="25848" started-at="2019-11-19T10:51:15Z" finished-at="2019-11-19T10:51:41Z">
          <exception class="java.lang.AssertionError">
            <message>
              <![CDATA[null]]>
            </message>
            <full-stacktrace>
              <![CDATA[java.lang.AssertionError: null
at org.testng.Assert.fail(Assert.java:96)
at org.testng.Assert.fail(Assert.java:103)
at com.automation.testcases.TestScenario1.TC2_AddToWishList(TestScenario1.java:73)
at sun.reflect.NativeMethodAccessorImpl.invoke0(Native Method)
at sun.reflect.NativeMethodAccessorImpl.invoke(NativeMethodAccessorImpl.java:62)
at sun.reflect.DelegatingMethodAccessorImpl.invoke(DelegatingMethodAccessorImpl.java:43)
at java.lang.reflect.Method.invoke(Method.java:498)
at org.testng.internal.MethodInvocationHelper.invokeMethod(MethodInvocationHelper.java:124)
at org.testng.internal.Invoker.invokeMethod(Invoker.java:583)
at org.testng.internal.Invoker.invokeTestMethod(Invoker.java:719)
at org.testng.internal.Invoker.invokeTestMethods(Invoker.java:989)
at org.testng.internal.TestMethodWorker.invokeTestMethods(TestMethodWorker.java:125)
at org.testng.internal.TestMethodWorker.run(TestMethodWorker.java:109)
at org.testng.TestRunner.privateRun(TestRunner.java:648)
at org.testng.TestRunner.run(TestRunner.java:505)
at org.testng.SuiteRunner.runTest(SuiteRunner.java:455)
at org.testng.SuiteRunner.runSequentially(SuiteRunner.java:450)
at org.testng.SuiteRunner.privateRun(SuiteRunner.java:415)
at org.testng.SuiteRunner.run(SuiteRunner.java:364)
at org.testng.SuiteRunnerWorker.runSuite(SuiteRunnerWorker.java:52)
at org.testng.SuiteRunnerWorker.run(SuiteRunnerWorker.java:84)
at org.testng.TestNG.runSuitesSequentially(TestNG.java:1208)
at org.testng.TestNG.runSuitesLocally(TestNG.java:1137)
at org.testng.TestNG.runSuites(TestNG.java:1049)
at org.testng.TestNG.run(TestNG.java:1017)
at org.testng.remote.AbstractRemoteTestNG.run(AbstractRemoteTestNG.java:115)
at org.testng.remote.RemoteTestNG.initAndRun(RemoteTestNG.java:251)
at org.testng.remote.RemoteTestNG.main(RemoteTestNG.java:77)
]]>
            </full-stacktrace>
          </exception> <!-- java.lang.AssertionError -->
          <reporter-output>
          </reporter-output>
        </test-method> <!-- TC2_AddToWishList -->
        <test-method status="PASS" signature="driverKill()[pri:0, instance:com.automation.testcases.TestScenario1@53b32d7]" name="driverKill" is-config="true" duration-ms="0" started-at="2019-11-19T10:51:41Z" finished-at="2019-11-19T10:51:41Z">
          <reporter-output>
          </reporter-output>
        </test-method> <!-- driverKill -->
        <test-method status="PASS" signature="TC3_VerifyWishListCount()[pri:3, instance:com.automation.testcases.TestScenario1@53b32d7]" name="TC3_VerifyWishListCount" duration-ms="0" started-at="2019-11-19T10:51:41Z" finished-at="2019-11-19T10:51:41Z">
          <reporter-output>
          </reporter-output>
        </test-method> <!-- TC3_VerifyWishListCount -->
      </class> <!-- com.automation.testcases.TestScenario1 -->
    </test> <!-- Default test -->
  </suite> <!-- Default suite -->
</testng-results>
